<?xml version="1.0" encoding="UTF-8"?>
<testng-results ignored="0" total="1" passed="1" failed="0" skipped="0">
  <reporter-output>
  </reporter-output>
  <suite started-at="2025-02-16T03:21:15 IST" name="Default suite" finished-at="2025-02-16T03:21:15 IST" duration-ms="70">
    <groups>
    </groups>
    <test started-at="2025-02-16T03:21:15 IST" name="Default test" finished-at="2025-02-16T03:21:15 IST" duration-ms="70">
      <class name="assertionsTests.softAssertion">
        <test-method signature="webAppTest()[pri:0, instance:assertionsTests.softAssertion@3ce1e309]" started-at="2025-02-16T03:21:15 IST" name="webAppTest" finished-at="2025-02-16T03:21:15 IST" duration-ms="18" status="PASS">
          <reporter-output>
          </reporter-output>
        </test-method> <!-- webAppTest -->
      </class> <!-- assertionsTests.softAssertion -->
    </test> <!-- Default test -->
  </suite> <!-- Default suite -->
</testng-results>
