<?xml version="1.0" encoding="UTF-8"?>
<!-- Generated by org.testng.reporters.JUnitXMLReporter -->
<testsuite ignored="0" hostname="DESKTOP-P4JKDR6" failures="0" tests="6" name="TestSet2" time="0.778" errors="0" timestamp="2025-01-06T01:05:07 IST">
  <testcase classname="annotations.HomePage" name="HomePageTestCase1" time="0.054"/>
  <testcase classname="annotations.HomePage" name="HomePageTestCase2" time="0.01"/>
  <testcase classname="annotations.HomePage" name="HomePageTestCase3" time="0.008"/>
  <testcase classname="annotations.HomePage" name="HomePageTestCase4" time="0.009"/>
  <testcase classname="annotations.LoginPage" name="LoginTestCase1" time="0.002"/>
  <testcase classname="annotations.LoginPage" name="LoginTestCase2" time="0.009"/>
</testsuite> <!-- TestSet2 -->
