<?xml version="1.0" encoding="UTF-8"?>
<!-- Generated by org.testng.reporters.JUnitXMLReporter -->
<testsuite ignored="1" hostname="DESKTOP-P4JKDR6" failures="0" tests="5" name="TestSet1" time="0.117" errors="0" timestamp="2025-01-06T01:02:55 IST">
  <testcase classname="annotations.LoginPage" name="LoginTestCase1" time="0.012"/>
  <testcase classname="annotations.LoginPage" name="LoginTestCase2" time="0.003"/>
  <testcase classname="annotations.HomePage" name="HomePageTestCase1" time="0.003"/>
  <testcase classname="annotations.HomePage" name="HomePageTestCase3" time="0.01"/>
  <testcase classname="annotations.HomePage" name="HomePageTestCase4" time="0.002"/>
  <testcase classname="annotations.HomePage" name="HomePageTestCase2" time="0.0">
    <ignored/>
  </testcase> <!-- HomePageTestCase2 -->
</testsuite> <!-- TestSet1 -->
