<?xml version="1.0" encoding="UTF-8"?>
<!-- Generated by org.testng.reporters.JUnitXMLReporter -->
<testsuite ignored="0" hostname="DESKTOP-P4JKDR6" failures="0" tests="20" name="Default test" time="0.232" errors="0" timestamp="2025-01-12T20:24:14 IST">
  <testcase classname="annotations.DataProviderReturnType" name="testMethods" time="0.011"/>
  <testcase classname="annotations.DataProviderReturnType" name="testMethods" time="0.005"/>
  <testcase classname="annotations.DataProviderReturnType" name="testMethods" time="0.003"/>
  <testcase classname="annotations.DataProviderReturnType" name="testMethods" time="0.002"/>
  <testcase classname="annotations.DataProviderReturnType" name="testMethods" time="0.002"/>
  <testcase classname="annotations.DataProviderReturnType" name="testMethods2" time="0.004"/>
  <testcase classname="annotations.DataProviderReturnType" name="testMethods2" time="0.002"/>
  <testcase classname="annotations.DataProviderReturnType" name="testMethods2" time="0.002"/>
  <testcase classname="annotations.DataProviderReturnType" name="testMethods2" time="0.003"/>
  <testcase classname="annotations.DataProviderReturnType" name="testMethods2" time="0.002"/>
  <testcase classname="annotations.DataProviderReturnType" name="testMethods3" time="0.003"/>
  <testcase classname="annotations.DataProviderReturnType" name="testMethods3" time="0.002"/>
  <testcase classname="annotations.DataProviderReturnType" name="testMethods3" time="0.006"/>
  <testcase classname="annotations.DataProviderReturnType" name="testMethods3" time="0.002"/>
  <testcase classname="annotations.DataProviderReturnType" name="testMethods3" time="0.005"/>
  <testcase classname="annotations.DataProviderReturnType" name="testMethods4" time="0.004"/>
  <testcase classname="annotations.DataProviderReturnType" name="testMethods4" time="0.003"/>
  <testcase classname="annotations.DataProviderReturnType" name="testMethods4" time="0.001"/>
  <testcase classname="annotations.DataProviderReturnType" name="testMethods4" time="0.003"/>
  <testcase classname="annotations.DataProviderReturnType" name="testMethods4" time="0.001"/>
</testsuite> <!-- Default test -->
