<?xml version="1.0" encoding="UTF-8"?>
<!-- Generated by org.testng.reporters.JUnitXMLReporter -->
<testsuite ignored="3" hostname="DESKTOP-P4JKDR6" failures="0" tests="2" name="TestSet3" time="0.025" errors="0" timestamp="2025-01-24T03:18:59 IST">
  <testcase classname="groupTests.NewTestGroups" name="test1" time="0.006"/>
  <testcase classname="groupTests.NewTestGroups" name="test3" time="0.004"/>
  <testcase classname="groupTests.NewTestGroups" name="test4" time="0.0">
    <ignored/>
  </testcase> <!-- test4 -->
  <testcase classname="groupTests.NewTestGroups" name="test2" time="0.0">
    <ignored/>
  </testcase> <!-- test2 -->
  <testcase classname="groupTests.NewTestGroups" name="test5" time="0.0">
    <ignored/>
  </testcase> <!-- test5 -->
</testsuite> <!-- TestSet3 -->
