<?xml version="1.0" encoding="UTF-8"?>
<!-- Generated by org.testng.reporters.JUnitXMLReporter -->
<testsuite ignored="2" hostname="DESKTOP-P4JKDR6" failures="0" tests="3" name="TestSet1" time="0.11" errors="0" timestamp="2025-01-24T03:18:59 IST">
  <testcase classname="groupTests.NewTestGroups" name="test2" time="0.014"/>
  <testcase classname="groupTests.NewTestGroups" name="test3" time="0.003"/>
  <testcase classname="groupTests.NewTestGroups" name="test4" time="0.018"/>
  <testcase classname="groupTests.NewTestGroups" name="test1" time="0.0">
    <ignored/>
  </testcase> <!-- test1 -->
  <testcase classname="groupTests.NewTestGroups" name="test5" time="0.0">
    <ignored/>
  </testcase> <!-- test5 -->
</testsuite> <!-- TestSet1 -->
