<?xml version="1.0" encoding="UTF-8"?>
<!-- Generated by org.testng.reporters.JUnitXMLReporter -->
<testsuite ignored="2" hostname="DESKTOP-P4JKDR6" failures="0" tests="3" name="TestSet2" time="0.017" errors="0" timestamp="2025-01-24T03:18:59 IST">
  <testcase classname="groupTests.NewTestGroups" name="test1" time="0.002"/>
  <testcase classname="groupTests.NewTestGroups" name="test4" time="0.003"/>
  <testcase classname="groupTests.NewTestGroups" name="test5" time="0.001"/>
  <testcase classname="groupTests.NewTestGroups" name="test3" time="0.0">
    <ignored/>
  </testcase> <!-- test3 -->
  <testcase classname="groupTests.NewTestGroups" name="test2" time="0.0">
    <ignored/>
  </testcase> <!-- test2 -->
</testsuite> <!-- TestSet2 -->
